8.41                  
2.47                  
2.43                  
3.32                  
4.07                  
4.51                  
5.55                  
6.40                  
7.23                  
11.0                  
2.88                  
4.05                  
7.78                  
7.94                  
7.55                  
8.75                  
9.14                  
9.62                  
3.40                  
8.78                  
9.33                  
10.3                  
4.79                  
4.48                  
9.34                  
9.55                  
9.90                  
4.46                  
8.92                  
10.3                  
8.77                  
3.55                  
9.24                  
9.42                  
10.4                  
3.07                  
5.73                  
9.06                  
10.4                  
7.95                  
2.94                  
8.34                  
9.85                  
10.4                  
1.22                  
7.49                  
9.48                  
9.68                  
6.50                  
3.17                  
9.36                  
9.91                  
9.93                  
4.66                  
9.23                  
10.2                  
9.86                  
1.04                  
8.42  
