6.06                  
1.07                  
2.44                  
3.47                  
1.72                  
1.45                  
1.97                  
2.56                  
1.68                  
2.49                  
3.01                  
1.40                  
1.21                  
1.44                  
1.09                  
1.51                  
1.04                  
1.30                  
1.61                  
1.19                  
1.98                  
1.69                  
1.09                  
1.20                  
1.56                  
1.07                  
1.39                  
1.30                  
1.53                  
1.38                  
2.00                  
2.10                  
2.11                  
2.35                  
3.00                  
1.17                  
2.73                  
1.74                  
2.00                  
1.47                  
1.33                  
1.76                  
1.56                  
1.53                  
1.78                  
2.32                  
1.36                  
2.19                  
1.51                  
1.73                  
2.18                  
2.54                  
2.77                  
1.32                  
1.16                  
2.38                  
2.51                  
1.82                  sender
1.80                  receiver
