2.40                  
2.12                  
3.81                  
2.73                  
1.97                  
2.13                  
2.09                  
2.45                  
2.12                  
2.56                  
2.76                  
3.77                  
2.92                  
3.50                  
2.53                  
3.03                  
1.85                  
2.43                  
1.58                  
2.34                  
1.31                  
1.95                  
1.19                  
2.23                  
1.08                  
1.46                  
1.04                  
1.30                  
1.23                  
1.61                  
1.24                  
1.72                  
1.65                  
1.86                  
2.27                  
2.38                  
2.63                  
1.58                  
1.68                  
1.65                  
1.51                  
1.14                  
1.64                  
1.29                  
1.41                  
1.24                  
1.30                  
1.67                  
1.53                  
1.63                  
1.81                  
2.15                  
1.86                  
2.48                  
2.40                  
2.74                  
1.74                  
1.54                  
1.57                  
1.39                  
1.97                  sender
1.95                  receiver
