3.42                  
1.02                  
1.86                  
2.87                  
3.36                  
3.18                  
3.21                  
3.26                  
2.73                  
2.35                  
3.46                  
3.49                  
3.76                  
3.20                  
3.42                  
2.98                  
3.89                  
3.73                  
3.80                  
3.07                  
3.13                  
2.96                  
2.96                  
2.94                  
3.10                  
2.32                  
3.08                  
2.54                  
2.76                  
2.64                  
3.03                  
3.17                  
3.05                  
3.13                  
3.08                  
2.80                  
3.83                  
3.32                  
3.90                  
3.91                  
4.01                  
3.39                  
3.32                  
3.04                  
3.99                  
3.80                  
3.31                  
2.94                  
3.28                  
3.21                  
2.98                  
2.49                  
2.88                  
2.91                  
2.48                  
2.94                  
3.60                  
2.95                  
2.88                  
3.08                  sender
3.07                  receiver
