1.75                  
1.36                  
3.03                  
3.02                  
2.43                  
2.23                  
2.81                  
2.74                  
2.56                  
3.05                  
2.83                  
2.39                  
2.77                  
3.08                  
2.87                  
3.21                  
2.75                  
3.56                  
3.29                  
3.25                  
3.42                  
3.95                  
3.93                  
3.09                  
3.33                  
4.20                  
3.88                  
2.79                  
3.23                  
3.12                  
2.69                  
3.19                  
1.41                  
1.89                  
2.08                  
1.95                  
2.17                  
1.99                  
2.42                  
2.80                  
3.85                  
2.62                  
3.53                  
2.42                  
3.19                  
2.93                  
2.84                  
2.29                  
2.74                  
3.29                  
2.85                  
1.62                  
1.87                  
1.87                  
1.95                  
1.64                  
1.66                  
1.98                  
2.20                  
2.67                  sender
2.66                  receiver
