1.19                  
1.39                  
1.11                  
1.30                  
1.83                  
2.12                  
2.01                  
1.74                  
2.11                  
1.67                  
1.23                  
1.56                  
1.01                  
1.15                  
1.15                  
1.70                  
1.69                  
1.70                  
2.05                  
1.83                  
1.87                  
1.71                  
1.70                  
2.02                  
2.32                  
3.14                  
2.48                  
3.17                  
3.14                  
3.53                  
2.99                  
2.58                  
2.08                  
1.96                  
1.69                  
1.85                  
1.83                  
2.18                  
2.02                  
2.41                  
2.30                  
2.24                  
2.27                  
2.52                  
2.43                  
2.87                  
2.54                  
2.34                  
2.18                  
2.76                  
2.55                  
2.63                  
2.52                  
2.46                  
2.53                  
2.48                  
3.25                  
3.27                  
3.34                  
2.68                  
2.17                  sender
2.17                  receiver
