8.64                  
2.20                  
1.50                  
2.52                  
3.84                  
5.15                  
6.65                  
7.68                  
9.32                  
10.5                  
6.02                  
7.40                  
7.69                  
9.29                  
10.4                  
8.49                  
10.2                  
8.51                  
8.91                  
8.99                  
10.0                  
7.82                  
6.33                  
6.55                  
8.23                  
9.13                  
10.4                  
8.78                  
9.97                  
8.76                  
8.73                  
8.90                  
10.3                  
7.82                  
6.32                  
7.21                  
8.03                  
9.62                  
10.1                  
5.77                  
6.59                  
7.44                  
8.80                  
9.86                  
9.38                  
9.47                  
10.5                  
6.26                  
6.21                  
7.38                  
8.36                  
9.32                  
9.96                  
9.03                  
10.7                  
7.74                  
8.97                  
9.41                  
10.4                  
5.83
