1.86                  
6.96                  
5.17                  
6.49                  
7.23                  
7.38                  
7.52                  
7.54                  
7.65                  
7.92                  
8.46                  
9.64                  
10.7                  
3.73                  
4.91                  
6.38                  
6.74                  
6.76                  
6.82                  
6.87                  
7.24                  
7.69                  
8.86                  
9.73                  
6.31                  
5.62                  
6.29                  
6.78                  
6.83                  
6.89                  
6.93                  
7.44                  
7.46                  
8.45                  
9.39                  
9.34                  
1.38                  
2.04                  
4.69                  
5.00                  
4.97                  
5.04                  
5.14                  
5.22                  
5.78                  
6.56                  
7.83                  
9.81                  
7.73                  
5.33                  
6.69                  
7.33                  
7.14                  
7.10                  
7.14                  
7.24                  
7.70                  
8.42                  
9.55  
