2.71                  
5.73                  
1.24                  
1.04                  
1.26                  
2.67                  
4.58                  
7.14                  
10.7                  
5.75                  
1.03                  
1.97                  
4.00                  
6.24                  
9.31                  
8.59                  
7.00                  
6.97                  
7.46                  
7.55                  
7.53                  
7.63                  
7.65                  
8.14                  
8.74                  
9.79                  
8.57                  
8.73                  
10.1                  
7.24                  
10.1                  
8.62                  
8.93                  
9.13                  
8.65                  
6.39                  
8.13                  
8.72                  
9.04                  
9.44                  
9.12                  
9.14                  
9.33                  
9.58                  
9.95                  
3.05                  
6.92                  
6.27                  
6.57                  
6.52                  
6.55                  
6.73                  
7.05                  
7.69
