1.75    6.06
1.36    2.12
2.44    3.81
2.73    3.47
1.83    2.43
2.12    2.23
2.01    2.81
2.45    2.74
2.11    2.56
2.49    3.05
2.76    3.01
1.56    3.77
1.21    2.92
1.44    3.5
1.15    2.87
1.7    3.21
1.69    2.75
1.7    3.56
1.61    3.29
1.83    3.25
1.87    3.42
1.71    3.95
1.19    3.93
2.02    3.09
1.56    3.33
1.46    4.2
1.39    3.88
1.3    3.17
1.53    3.23
1.61    3.53
2.0    2.99
2.1    3.19
1.65    2.11
1.89    2.35
2.08    3.0
1.85    2.38
2.17    2.73
1.74    2.18
2.0    2.42
1.65    2.8
1.51    3.85
1.76    2.62
1.64    3.53
1.53    2.52
1.78    3.19
2.32    2.93
1.36    2.84
2.19    2.34
1.53    2.74
1.73    3.29
2.18    2.85
2.15    2.63
1.87    2.77
1.87    2.48
1.95    2.53
2.38    2.74
1.74    3.25
#  1.6736084452975049
