8.57                  
1.15                  
1.43                  
2.90                  
4.35                  
6.06                  
7.71                  
9.02                  
10.8                  
5.96                  
6.85                  
8.27                  
9.47                  
9.58                  
9.82                  
8.77                  
6.39                  
7.02                  
8.27                  
10.2                  
9.25                  
9.80                  
8.42                  
7.00                  
7.04                  
8.69                  
10.5                  
7.03                  
6.44                  
7.92                  
8.97                  
10.9                  
8.47                  
10.7                  
8.07                  
8.99                  
9.66                  
9.88                  
9.50                  
9.51                  
8.54                  
9.09                  
10.3                  
6.70                  
6.65                  
7.33                  
9.37                  
10.3                  
5.66                  
7.01                  
8.05                  
9.81                  
8.81                  
6.49                  
7.16                  
8.37                  
9.99                  
7.99                  
6.69                  
7.30  
