9.17                  
1.44                  
4.27                  
8.56                  
9.72                  
10.5                  
10.1                  
10.0                  
10.8                  
10.8                  
12.2                  
12.1                  
2.37                  
5.07                  
8.46                  
9.34                  
9.04                  
9.62                  
10.6                  
10.9                  
11.6                  
12.3                  
12.7                  
5.07                  
5.87                  
10.7                  
11.0                  
11.0                  
11.5                  
11.9                  
12.1                  
12.1                  
12.2                  
12.6                  
6.18                  
3.57                  
10.9                  
11.1                  
11.2                  
11.5                  
11.9                  
12.0                  
12.0                  
12.2                  
12.5                  
6.14                  
3.86                  
10.3                  
11.1                  
11.1                  
11.3                  
11.9                  
11.9                  
12.1                  
12.2                  
12.6                  
5.95                  
4.22                  
10.2                  
11.2
